12/14/2025, 9:04:27 PM MST [Modules] Modules initializing
12/14/2025, 9:04:27 PM MST [Modules] Distribution: remote
12/14/2025, 9:04:27 PM MST [Modules] Host updates: enabled
12/14/2025, 9:04:27 PM MST [Modules] Module updates: enabled
12/14/2025, 9:04:27 PM MST [Modules] Module install path: /home/nate/.config/discord/0.0.115/modules
12/14/2025, 9:04:27 PM MST [Modules] Module installed file path: /home/nate/.config/discord/0.0.115/modules/installed.json
12/14/2025, 9:04:27 PM MST [Modules] Module download path: /home/nate/.config/discord/0.0.115/modules/pending
12/14/2025, 9:04:27 PM MST [Modules] Bootstrapping...
12/14/2025, 9:04:27 PM MST [Modules] Installing discord_desktop_core@0 from /opt/discord/resources/bootstrap/discord_desktop_core.zip
12/14/2025, 9:04:27 PM MST [Modules] Failed installing discord_desktop_core@0: Error: ENOENT: no such file or directory, open '/opt/discord/resources/bootstrap/discord_desktop_core.zip'
12/14/2025, 9:04:27 PM MST [Modules] Installing discord_erlpack@0 from /opt/discord/resources/bootstrap/discord_erlpack.zip
12/14/2025, 9:04:27 PM MST [Modules] Failed installing discord_erlpack@0: Error: ENOENT: no such file or directory, open '/opt/discord/resources/bootstrap/discord_erlpack.zip'
12/14/2025, 9:04:27 PM MST [Modules] Installing discord_spellcheck@0 from /opt/discord/resources/bootstrap/discord_spellcheck.zip
12/14/2025, 9:04:27 PM MST [Modules] Failed installing discord_spellcheck@0: Error: ENOENT: no such file or directory, open '/opt/discord/resources/bootstrap/discord_spellcheck.zip'
12/14/2025, 9:04:27 PM MST [Modules] Installing discord_utils@0 from /opt/discord/resources/bootstrap/discord_utils.zip
12/14/2025, 9:04:27 PM MST [Modules] Failed installing discord_utils@0: Error: ENOENT: no such file or directory, open '/opt/discord/resources/bootstrap/discord_utils.zip'
12/14/2025, 9:04:27 PM MST [Modules] Installing discord_voice@0 from /opt/discord/resources/bootstrap/discord_voice.zip
12/14/2025, 9:04:27 PM MST [Modules] Failed installing discord_voice@0: Error: ENOENT: no such file or directory, open '/opt/discord/resources/bootstrap/discord_voice.zip'
12/14/2025, 9:04:27 PM MST [Modules] Installing discord_zstd@0 from /opt/discord/resources/bootstrap/discord_zstd.zip
12/14/2025, 9:04:27 PM MST [Modules] Failed installing discord_zstd@0: Error: ENOENT: no such file or directory, open '/opt/discord/resources/bootstrap/discord_zstd.zip'
12/14/2025, 9:04:27 PM MST [Modules] Finished module installations. [success: 0] [failure: 6]
12/14/2025, 9:04:27 PM MST [Modules] Checking for host updates.
12/14/2025, 9:04:28 PM MST [Modules] Host update is available. Manual update required!
12/14/2025, 9:04:48 PM MST [Modules] Modules initializing
12/14/2025, 9:04:48 PM MST [Modules] Distribution: remote
12/14/2025, 9:04:48 PM MST [Modules] Host updates: enabled
12/14/2025, 9:04:48 PM MST [Modules] Module updates: enabled
12/14/2025, 9:04:48 PM MST [Modules] Module install path: /home/nate/.config/discord/0.0.115/modules
12/14/2025, 9:04:48 PM MST [Modules] Module installed file path: /home/nate/.config/discord/0.0.115/modules/installed.json
12/14/2025, 9:04:48 PM MST [Modules] Module download path: /home/nate/.config/discord/0.0.115/modules/pending
12/14/2025, 9:04:48 PM MST [Modules] No updates to install
12/14/2025, 9:04:48 PM MST [Modules] Checking for host updates.
12/14/2025, 9:04:49 PM MST [Modules] Host update is available. Manual update required!
