[2025-12-14 21:04:27.952] [info]  DiscordSplash.signalReady
[2025-12-14 21:04:28.009] [info]  DiscordSplash.onStateUpdate: {"status":"installing-updates","current":1,"total":6}
[2025-12-14 21:04:28.011] [info]  Splash.onStateUpdate: {"status":"installing-updates","current":1,"total":6}
[2025-12-14 21:04:28.019] [info]  DiscordSplash.onStateUpdate: {"status":"installing-updates","current":2,"total":6}
[2025-12-14 21:04:28.021] [info]  Splash.onStateUpdate: {"status":"installing-updates","current":2,"total":6}
[2025-12-14 21:04:28.023] [info]  DiscordSplash.onStateUpdate: {"status":"installing-updates","current":3,"total":6}
[2025-12-14 21:04:28.024] [info]  Splash.onStateUpdate: {"status":"installing-updates","current":3,"total":6}
[2025-12-14 21:04:28.024] [info]  DiscordSplash.onStateUpdate: {"status":"installing-updates","current":4,"total":6}
[2025-12-14 21:04:28.025] [info]  Splash.onStateUpdate: {"status":"installing-updates","current":4,"total":6}
[2025-12-14 21:04:28.026] [info]  DiscordSplash.onStateUpdate: {"status":"installing-updates","current":5,"total":6}
[2025-12-14 21:04:28.027] [info]  Splash.onStateUpdate: {"status":"installing-updates","current":5,"total":6}
[2025-12-14 21:04:28.028] [info]  DiscordSplash.onStateUpdate: {"status":"installing-updates","current":6,"total":6}
[2025-12-14 21:04:28.029] [info]  Splash.onStateUpdate: {"status":"installing-updates","current":6,"total":6}
[2025-12-14 21:04:28.030] [info]  DiscordSplash.onStateUpdate: {"status":"checking-for-updates","current":6,"total":6}
[2025-12-14 21:04:28.030] [info]  Splash.onStateUpdate: {"status":"checking-for-updates","current":6,"total":6}
[2025-12-14 21:04:28.318] [info]  DiscordSplash.onStateUpdate: {"status":"update-manually","current":6,"total":6,"newVersion":"0.0.118"}
[2025-12-14 21:04:28.318] [info]  Splash.onStateUpdate: {"status":"update-manually","current":6,"total":6,"newVersion":"0.0.118"}
[2025-12-14 21:04:28.951] [info]  Splash.updateCountdownSeconds: undefined
[2025-12-14 21:04:29.951] [info]  Splash.updateCountdownSeconds: undefined
[2025-12-14 21:04:30.951] [info]  Splash.updateCountdownSeconds: undefined
[2025-12-14 21:04:31.951] [info]  Splash.updateCountdownSeconds: undefined
[2025-12-14 21:04:32.951] [info]  Splash.updateCountdownSeconds: undefined
[2025-12-14 21:04:33.951] [info]  Splash.updateCountdownSeconds: undefined
[2025-12-14 21:04:34.951] [info]  Splash.updateCountdownSeconds: undefined
[2025-12-14 21:04:35.951] [info]  Splash.updateCountdownSeconds: undefined
[2025-12-14 21:04:48.731] [info]  DiscordSplash.signalReady
[2025-12-14 21:04:48.791] [info]  DiscordSplash.onStateUpdate: {"status":"checking-for-updates"}
[2025-12-14 21:04:48.794] [info]  Splash.onStateUpdate: {"status":"checking-for-updates"}
[2025-12-14 21:04:49.242] [info]  DiscordSplash.onStateUpdate: {"status":"update-manually","newVersion":"0.0.118"}
[2025-12-14 21:04:49.243] [info]  Splash.onStateUpdate: {"status":"update-manually","newVersion":"0.0.118"}
[2025-12-14 21:04:49.731] [info]  Splash.updateCountdownSeconds: undefined
[2025-12-14 21:04:50.731] [info]  Splash.updateCountdownSeconds: undefined
[2025-12-14 21:04:51.731] [info]  Splash.updateCountdownSeconds: undefined
[2025-12-14 21:04:52.731] [info]  Splash.updateCountdownSeconds: undefined
[2025-12-14 21:04:53.731] [info]  Splash.updateCountdownSeconds: undefined
[2025-12-14 21:04:54.731] [info]  Splash.updateCountdownSeconds: undefined
[2025-12-14 21:04:55.731] [info]  Splash.updateCountdownSeconds: undefined
[2026-01-21 15:47:51.869] [info]  DiscordSplash.signalReady
[2026-01-21 15:47:51.927] [info]  DiscordSplash.onStateUpdate: {"status":"installing-updates","current":1,"total":6}
[2026-01-21 15:47:51.929] [info]  Splash.onStateUpdate: {"status":"installing-updates","current":1,"total":6}
[2026-01-21 15:47:51.933] [info]  DiscordSplash.onStateUpdate: {"status":"installing-updates","current":2,"total":6}
[2026-01-21 15:47:51.933] [info]  Splash.onStateUpdate: {"status":"installing-updates","current":2,"total":6}
[2026-01-21 15:47:51.934] [info]  DiscordSplash.onStateUpdate: {"status":"installing-updates","current":3,"total":6}
[2026-01-21 15:47:51.934] [info]  Splash.onStateUpdate: {"status":"installing-updates","current":3,"total":6}
[2026-01-21 15:47:51.935] [info]  DiscordSplash.onStateUpdate: {"status":"installing-updates","current":4,"total":6}
[2026-01-21 15:47:51.935] [info]  Splash.onStateUpdate: {"status":"installing-updates","current":4,"total":6}
[2026-01-21 15:47:51.936] [info]  DiscordSplash.onStateUpdate: {"status":"installing-updates","current":5,"total":6}
[2026-01-21 15:47:51.936] [info]  Splash.onStateUpdate: {"status":"installing-updates","current":5,"total":6}
[2026-01-21 15:47:51.937] [info]  DiscordSplash.onStateUpdate: {"status":"installing-updates","current":6,"total":6}
[2026-01-21 15:47:51.937] [info]  Splash.onStateUpdate: {"status":"installing-updates","current":6,"total":6}
[2026-01-21 15:47:51.938] [info]  DiscordSplash.onStateUpdate: {"status":"checking-for-updates","current":6,"total":6}
[2026-01-21 15:47:51.938] [info]  Splash.onStateUpdate: {"status":"checking-for-updates","current":6,"total":6}
[2026-01-21 15:47:52.511] [info]  DiscordSplash.onStateUpdate: {"status":"update-manually","current":6,"total":6,"newVersion":"0.0.121"}
[2026-01-21 15:47:52.511] [info]  Splash.onStateUpdate: {"status":"update-manually","current":6,"total":6,"newVersion":"0.0.121"}
[2026-01-21 15:47:52.868] [info]  Splash.updateCountdownSeconds: undefined
[2026-01-21 15:47:53.869] [info]  Splash.updateCountdownSeconds: undefined
[2026-01-21 15:47:54.869] [info]  Splash.updateCountdownSeconds: undefined
[2026-01-21 15:47:55.869] [info]  Splash.updateCountdownSeconds: undefined
[2026-01-21 15:47:56.869] [info]  Splash.updateCountdownSeconds: undefined
[2026-01-21 15:47:57.869] [info]  Splash.updateCountdownSeconds: undefined
[2026-01-21 15:47:58.869] [info]  Splash.updateCountdownSeconds: undefined
[2026-01-21 15:47:59.869] [info]  Splash.updateCountdownSeconds: undefined
[2026-01-21 15:48:00.869] [info]  Splash.updateCountdownSeconds: undefined
[2026-01-21 15:48:01.869] [info]  Splash.updateCountdownSeconds: undefined
[2026-01-21 15:48:02.868] [info]  Splash.updateCountdownSeconds: undefined
[2026-01-21 15:48:03.869] [info]  Splash.updateCountdownSeconds: undefined
[2026-01-21 15:48:04.869] [info]  Splash.updateCountdownSeconds: undefined
[2026-01-21 15:48:05.868] [info]  Splash.updateCountdownSeconds: undefined
[2026-01-21 15:48:06.868] [info]  Splash.updateCountdownSeconds: undefined
[2026-01-21 15:48:07.868] [info]  Splash.updateCountdownSeconds: undefined
[2026-01-21 15:48:08.868] [info]  Splash.updateCountdownSeconds: undefined
[2026-01-21 15:48:09.868] [info]  Splash.updateCountdownSeconds: undefined
[2026-01-21 15:48:10.869] [info]  Splash.updateCountdownSeconds: undefined
[2026-01-21 15:48:11.868] [info]  Splash.updateCountdownSeconds: undefined
[2026-01-21 15:48:12.868] [info]  Splash.updateCountdownSeconds: undefined
[2026-01-21 15:48:13.869] [info]  Splash.updateCountdownSeconds: undefined
[2026-01-21 15:48:14.869] [info]  Splash.updateCountdownSeconds: undefined
[2026-01-21 15:48:15.868] [info]  Splash.updateCountdownSeconds: undefined
[2026-01-21 15:48:16.869] [info]  Splash.updateCountdownSeconds: undefined
[2026-01-21 15:48:17.868] [info]  Splash.updateCountdownSeconds: undefined
[2026-01-21 15:48:18.868] [info]  Splash.updateCountdownSeconds: undefined
[2026-01-21 15:48:19.868] [info]  Splash.updateCountdownSeconds: undefined
[2026-01-21 15:48:41.445] [info]  DiscordSplash.signalReady
[2026-01-21 15:48:41.508] [info]  DiscordSplash.onStateUpdate: {"status":"checking-for-updates"}
[2026-01-21 15:48:41.509] [info]  Splash.onStateUpdate: {"status":"checking-for-updates"}
[2026-01-21 15:48:41.998] [info]  DiscordSplash.onStateUpdate: {"status":"update-manually","newVersion":"0.0.121"}
[2026-01-21 15:48:41.999] [info]  Splash.onStateUpdate: {"status":"update-manually","newVersion":"0.0.121"}
[2026-01-21 15:48:42.444] [info]  Splash.updateCountdownSeconds: undefined
[2026-01-21 15:48:43.446] [info]  Splash.updateCountdownSeconds: undefined
[2026-01-21 15:48:44.444] [info]  Splash.updateCountdownSeconds: undefined
[2026-01-21 15:48:45.444] [info]  Splash.updateCountdownSeconds: undefined
[2026-01-21 15:49:55.760] [info]  DiscordSplash.signalReady
[2026-01-21 15:49:55.816] [info]  DiscordSplash.onStateUpdate: {"status":"checking-for-updates"}
[2026-01-21 15:49:55.817] [info]  Splash.onStateUpdate: {"status":"checking-for-updates"}
[2026-01-21 15:49:56.309] [info]  DiscordSplash.onStateUpdate: {"status":"update-manually","newVersion":"0.0.121"}
[2026-01-21 15:49:56.310] [info]  Splash.onStateUpdate: {"status":"update-manually","newVersion":"0.0.121"}
[2026-01-21 15:49:56.759] [info]  Splash.updateCountdownSeconds: undefined
[2026-01-21 15:49:57.759] [info]  Splash.updateCountdownSeconds: undefined
[2026-01-21 15:49:58.759] [info]  Splash.updateCountdownSeconds: undefined
[2026-01-21 15:49:59.760] [info]  Splash.updateCountdownSeconds: undefined
[2026-01-21 15:50:00.759] [info]  Splash.updateCountdownSeconds: undefined
[2026-01-21 15:50:01.759] [info]  Splash.updateCountdownSeconds: undefined
