building Nix...
building the system configuration...
these 3 derivations will be built:
  /nix/store/hvxxyj6bc57276gjkl10wpxrp0w69wv4-user-environment.drv
  /nix/store/g040qwjq7sx8wcirfazkjavnfg53ijp4-etc.drv
  /nix/store/aipns5kh51i8bvidgh8sv10z207kwlxq-nixos-system-debbie-24.11.714614.c618e28f7025.drv
these 7 paths will be fetched (24.70 MiB download, 92.74 MiB unpacked):
  /nix/store/k63bn0qqa3dk5z5zr1zxm98zzgl7iwcp-c-ares-1.27.0-dev
  /nix/store/pw87bzi7s0smj8jjav0bh5z8whnpm17x-grpc-1.67.0
  /nix/store/7h7yzq1g3z82xcl0dmhljb04x3qqg30p-proton-pass-1.24.1
  /nix/store/x786ddp5js48z4rdhcjygdia7959znlg-protonmail-bridge-3.15.0
  /nix/store/nk6cra339ijpw3rwv6ap8pl8sv455zcw-protonmail-bridge-gui-3.15.0
  /nix/store/2i3n5zaxf4c6ncdzkg536c3par13qwgq-re2-2024-07-02-dev
  /nix/store/af1wl74hjkw40vyddqkskfvskclanf6i-sentry-native-0.7.11
copying path '/nix/store/7h7yzq1g3z82xcl0dmhljb04x3qqg30p-proton-pass-1.24.1' from 'https://cache.nixos.org'...
copying path '/nix/store/x786ddp5js48z4rdhcjygdia7959znlg-protonmail-bridge-3.15.0' from 'https://cache.nixos.org'...
copying path '/nix/store/af1wl74hjkw40vyddqkskfvskclanf6i-sentry-native-0.7.11' from 'https://cache.nixos.org'...
copying path '/nix/store/k63bn0qqa3dk5z5zr1zxm98zzgl7iwcp-c-ares-1.27.0-dev' from 'https://cache.nixos.org'...
copying path '/nix/store/2i3n5zaxf4c6ncdzkg536c3par13qwgq-re2-2024-07-02-dev' from 'https://cache.nixos.org'...
copying path '/nix/store/pw87bzi7s0smj8jjav0bh5z8whnpm17x-grpc-1.67.0' from 'https://cache.nixos.org'...
copying path '/nix/store/nk6cra339ijpw3rwv6ap8pl8sv455zcw-protonmail-bridge-gui-3.15.0' from 'https://cache.nixos.org'...
building '/nix/store/hvxxyj6bc57276gjkl10wpxrp0w69wv4-user-environment.drv'...
created 3027 symlinks in user environment
gtk-update-icon-cache: Cache file created successfully.
building '/nix/store/g040qwjq7sx8wcirfazkjavnfg53ijp4-etc.drv'...
building '/nix/store/aipns5kh51i8bvidgh8sv10z207kwlxq-nixos-system-debbie-24.11.714614.c618e28f7025.drv'...
activating the configuration...
setting up /etc...
reloading user units for nate...
restarting sysinit-reactivation.target
the following new units were started: run-credentials-systemd\x2dtmpfiles\x2dresetup.service.mount, sysinit-reactivation.target, system-systemd\x2dcoredump.slice, systemd-tmpfiles-resetup.service
