building Nix...
building the system configuration...
these 4 derivations will be built:
  /nix/store/pgkid1vs46cgcm3yqkxkjj0vxa5qvcjx-man-cache.drv
  /nix/store/fq0gy6a7xaazy1r7y6rn2873q3mcgx8k-etc-man_db.conf.drv
  /nix/store/1y0dfzmf2iigrkq9rxbx932rfp79lmzf-etc.drv
  /nix/store/rqs5ncc9m9v5xr7caj8fcjh2p2bbfi63-nixos-system-debbie-25.05.802491.7c43f080a7f2.drv
building '/nix/store/pgkid1vs46cgcm3yqkxkjj0vxa5qvcjx-man-cache.drv'...
building '/nix/store/fq0gy6a7xaazy1r7y6rn2873q3mcgx8k-etc-man_db.conf.drv'...
building '/nix/store/1y0dfzmf2iigrkq9rxbx932rfp79lmzf-etc.drv'...
building '/nix/store/rqs5ncc9m9v5xr7caj8fcjh2p2bbfi63-nixos-system-debbie-25.05.802491.7c43f080a7f2.drv'...
stopping the following units: accounts-daemon.service
activating the configuration...
setting up /etc...
reloading user units for nate...
restarting sysinit-reactivation.target
reloading the following units: dbus.service
restarting the following units: polkit.service
starting the following units: accounts-daemon.service
Done. The new configuration is /nix/store/rb8hq4vdsih6fd2pgl1nv1c03bq0vwz9-nixos-system-debbie-25.05.802491.7c43f080a7f2
